<?xml version="1.0" encoding="UTF-8"?>
<!-- Generated by org.testng.reporters.JUnitReportReporter -->
<testsuite hostname="vinod-PC" name="demo.Testing" tests="1" failures="0" timestamp="19 Jun 2016 14:28:59 GMT" time="7.024" errors="0">
  <testcase name="loginToGmail" time="7.024" classname="demo.Testing"/>
</testsuite> <!-- demo.Testing -->
